AS7 Log file - (C) Ecobat Project 2022
[ 667 ms Inform] SD card detected. SD Logging enabled.
[ 668 ms Inform] (C) 2022 Ecobat Project
[ 1124 ms Verbose] Setting all channel lower bounds to 0
[ 1124 ms Verbose] Setting all channel upper bounds to 2056
[ 1124 ms Inform] Generating E-Stop Tx Package
[ 1124 ms Verbose] E-Stop Tx: 	1028	1028	0	1028	411	1028	1028	411	1542	1542	1542	1542	1542	1542	1542	1542
[ 1124 ms Inform] Drone Class Initialised.
[ 1160 ms Verbose] Navigation task thread reporting running status
[ 1373 ms Verbose] Ramping ch 8 -> in:-1.000000
[ 1373 ms Verbose] RampValue value, target, rate, rampratetype:
[ 1373 ms Verbose] -1.000000/0.000000/0.000000/0
[ 1373 ms Verbose] Ramping ch 9 -> in:-1.000000
[ 1373 ms Verbose] RampValue value, target, rate, rampratetype:
[ 1374 ms Verbose] -1.000000/0.000000/0.000000/0
[ 1374 ms Verbose] Ramping ch 10 -> in:-1.000000
[ 1374 ms Verbose] RampValue value, target, rate, rampratetype:
[ 1374 ms Verbose] -1.000000/0.000000/0.000000/0
[ 1374 ms Verbose] Ramping ch 11 -> in:-1.000000
[ 1374 ms Verbose] RampValue value, target, rate, rampratetype:
[ 1374 ms Verbose] -1.000000/0.000000/0.000000/0
[ 1374 ms Verbose] Ramping ch 12 -> in:-1.000000
[ 1374 ms Verbose] RampValue value, target, rate, rampratetype:
[ 1375 ms Verbose] -1.000000/0.000000/0.000000/0
[ 1375 ms Verbose] Ramping ch 13 -> in:-1.000000
[ 1375 ms Verbose] RampValue value, target, rate, rampratetype:
[ 1375 ms Verbose] -1.000000/0.000000/0.000000/0
[ 1375 ms Verbose] Ramping ch 14 -> in:-1.000000
[ 1375 ms Verbose] RampValue value, target, rate, rampratetype:
[ 1375 ms Verbose] -1.000000/0.000000/0.000000/0
[ 1376 ms Verbose] Ramping ch 15 -> in:-1.000000
[ 1376 ms Verbose] RampValue value, target, rate, rampratetype:
[ 1376 ms Verbose] -1.000000/0.000000/0.000000/0
[ 1160 ms Verbose] Navigator thread successfully started
[ 1376 ms Verbose] Controller task thread reporting running status
[ 1376 ms Verbose] Controller thread successfully started
[ 1376 ms Inform] Enqueing drone command: Arming Drone
[ 1376 ms Verbose] Command <Arming Drone> - Type 3
[ 1376 ms Inform] Enqueing drone command: Flying up a little bit - 10% initial thrust
[ 1377 ms Verbose] Command <Flying up a little bit - 10% initial thrust> - Type 0
[ 1377 ms Inform] Enqueing drone command: Flying forward at 5%
[ 1377 ms Verbose] Command <Flying forward at 5%> - Type 0
[ 1377 ms Inform] Enqueing drone command: Stopping Drone
[ 1377 ms Verbose] Command <Stopping Drone> - Type 0
[ 1377 ms Inform] Initialise: Logger is reporting healthy.
[ 1377 ms Inform] AS7 moving to state: Ready
[ 1625 ms Inform] DATA: 0 TX: 	0	0	0	0	0	0	0	0	1028	1028	1028	1028	1028	1028	1028	1028 RX: 	0	0	0	0	0	0	0	0	0	0	0	0	0	0	0	0
[ 2035 ms Inform] DATA: 0 TX: 	0	0	0	0	0	0	0	0	1028	1028	1028	1028	1028	1028	1028	1028 RX: 	0	0	0	0	0	0	0	0	0	0	0	0	0	0	0	0
[ 2260 ms Inform] Recording data from US 0->0
[ 2286 ms Inform] DATA: 0 TX: 	0	0	0	0	0	0	0	0	1028	1028	1028	1028	1028	1028	1028	1028 RX: 	0	0	0	0	0	0	0	0	0	0	0	0	0	0	0	0
[ 2481 ms Inform] Recording data from US 1->4
[ 2728 ms Inform] DATA: 0 TX: 	0	0	0	0	0	0	0	0	1028	1028	1028	1028	1028	1028	1028	1028 RX: 	0	0	0	0	0	0	0	0	0	0	0	0	0	0	0	0
[ 2729 ms Inform] Recording data from US 2->245
[ 2965 ms Inform] Recording data from US 3->36
[ 2978 ms Inform] DATA: 0 TX: 	0	0	0	0	0	0	0	0	1028	1028	1028	1028	1028	1028	1028	1028 RX: 	0	0	0	0	0	0	0	0	0	0	0	0	0	0	0	0
[ 3401 ms Inform] Recording data from US 4->3732
[ 3429 ms Inform] DATA: 0 TX: 	0	0	0	0	0	0	0	0	1028	1028	1028	1028	1028	1028	1028	1028 RX: 	0	0	0	0	0	0	0	0	0	0	0	0	0	0	0	0
[ 3633 ms Inform] Recording data from US 5->200
[ 3868 ms Inform] DATA: 0 TX: 	0	0	0	0	0	0	0	0	1028	1028	1028	1028	1028	1028	1028	1028 RX: 	0	0	0	0	0	0	0	0	0	0	0	0	0	0	0	0
[ 4312 ms Inform] DATA: 0 TX: 	0	0	0	0	0	0	0	0	1028	1028	1028	1028	1028	1028	1028	1028 RX: 	0	0	0	0	0	0	0	0	0	0	0	0	0	0	0	0
[ 4495 ms Inform] Recording data from US 0->7303
[ 4562 ms Inform] DATA: 0 TX: 	0	0	0	0	0	0	0	0	1028	1028	1028	1028	1028	1028	1028	1028 RX: 	0	0	0	0	0	0	0	0	0	0	0	0	0	0	0	0
[ 4726 ms Inform] Recording data from US 1->5
[ 4972 ms Inform] Recording data from US 2->240
[ 4973 ms Inform] DATA: 0 TX: 	0	0	0	0	0	0	0	0	1028	1028	1028	1028	1028	1028	1028	1028 RX: 	0	0	0	0	0	0	0	0	0	0	0	0	0	0	0	0
[ 5204 ms Inform] Recording data from US 3->34
[ 5223 ms Inform] DATA: 0 TX: 	0	0	0	0	0	0	0	0	1028	1028	1028	1028	1028	1028	1028	1028 RX: 	0	0	0	0	0	0	0	0	0	0	0	0	0	0	0	0
[ 5639 ms Inform] Recording data from US 4->3695
[ 5669 ms Inform] DATA: 0 TX: 	0	0	0	0	0	0	0	0	1028	1028	1028	1028	1028	1028	1028	1028 RX: 	0	0	0	0	0	0	0	0	0	0	0	0	0	0	0	0
[ 5871 ms Inform] Recording data from US 5->203
[ 6106 ms Inform] DATA: 0 TX: 	0	0	0	0	0	0	0	0	1028	1028	1028	1028	1028	1028	1028	1028 RX: 	0	0	0	0	0	0	0	0	0	0	0	0	0	0	0	0
[ 6550 ms Inform] DATA: 0 TX: 	0	0	0	0	0	0	0	0	1028	1028	1028	1028	1028	1028	1028	1028 RX: 	0	0	0	0	0	0	0	0	0	0	0	0	0	0	0	0
[ 6738 ms Inform] Recording data from US 0->7388
[ 6800 ms Inform] DATA: 0 TX: 	0	0	0	0	0	0	0	0	1028	1028	1028	1028	1028	1028	1028	1028 RX: 	0	0	0	0	0	0	0	0	0	0	0	0	0	0	0	0
[ 6971 ms Inform] Recording data from US 1->5
[ 7217 ms Inform] DATA: 0 TX: 	0	0	0	0	0	0	0	0	1028	1028	1028	1028	1028	1028	1028	1028 RX: 	0	0	0	0	0	0	0	0	0	0	0	0	0	0	0	0
[ 7219 ms Inform] Recording data from US 2->242
[ 7459 ms Inform] Recording data from US 3->134
[ 7467 ms Inform] DATA: 0 TX: 	0	0	0	0	0	0	0	0	1028	1028	1028	1028	1028	1028	1028	1028 RX: 	0	0	0	0	0	0	0	0	0	0	0	0	0	0	0	0
[ 7891 ms Inform] Recording data from US 4->3738
[ 7918 ms Inform] DATA: 0 TX: 	0	0	0	0	0	0	0	0	1028	1028	1028	1028	1028	1028	1028	1028 RX: 	0	0	0	0	0	0	0	0	0	0	0	0	0	0	0	0
[ 8122 ms Inform] Recording data from US 5->205
[ 8357 ms Inform] DATA: 0 TX: 	0	0	0	0	0	0	0	0	1028	1028	1028	1028	1028	1028	1028	1028 RX: 	0	0	0	0	0	0	0	0	0	0	0	0	0	0	0	0
[ 8799 ms Inform] DATA: 0 TX: 	0	0	0	0	0	0	0	0	1028	1028	1028	1028	1028	1028	1028	1028 RX: 	0	0	0	0	0	0	0	0	0	0	0	0	0	0	0	0
[ 8979 ms Inform] Recording data from US 0->7252
[ 9049 ms Inform] DATA: 0 TX: 	0	0	0	0	0	0	0	0	1028	1028	1028	1028	1028	1028	1028	1028 RX: 	0	0	0	0	0	0	0	0	0	0	0	0	0	0	0	0
[ 9211 ms Inform] Recording data from US 1->5
[ 9458 ms Inform] Recording data from US 2->239
[ 9458 ms Inform] DATA: 0 TX: 	0	0	0	0	0	0	0	0	1028	1028	1028	1028	1028	1028	1028	1028 RX: 	0	0	0	0	0	0	0	0	0	0	0	0	0	0	0	0
[ 9704 ms Inform] Recording data from US 3->235
[ 9708 ms Inform] DATA: 0 TX: 	0	0	0	0	0	0	0	0	1028	1028	1028	1028	1028	1028	1028	1028 RX: 	0	0	0	0	0	0	0	0	0	0	0	0	0	0	0	0
[ 9948 ms Inform] Recording data from US 4->248
[ 9958 ms Inform] DATA: 0 TX: 	0	0	0	0	0	0	0	0	1028	1028	1028	1028	1028	1028	1028	1028 RX: 	0	0	0	0	0	0	0	0	0	0	0	0	0	0	0	0
[ 10178 ms Inform] Recording data from US 5->199
[ 10413 ms Inform] DATA: 0 TX: 	0	0	0	0	0	0	0	0	1028	1028	1028	1028	1028	1028	1028	1028 RX: 	0	0	0	0	0	0	0	0	0	0	0	0	0	0	0	0
[ 10853 ms Inform] DATA: 0 TX: 	0	0	0	0	0	0	0	0	1028	1028	1028	1028	1028	1028	1028	1028 RX: 	0	0	0	0	0	0	0	0	0	0	0	0	0	0	0	0
[ 11032 ms Inform] Recording data from US 0->7242
[ 11103 ms Inform] DATA: 0 TX: 	0	0	0	0	0	0	0	0	1028	1028	1028	1028	1028	1028	1028	1028 RX: 	0	0	0	0	0	0	0	0	0	0	0	0	0	0	0	0
[ 11263 ms Inform] Recording data from US 1->5
[ 11510 ms Inform] Recording data from US 2->240
[ 11510 ms Inform] DATA: 0 TX: 	0	0	0	0	0	0	0	0	1028	1028	1028	1028	1028	1028	1028	1028 RX: 	0	0	0	0	0	0	0	0	0	0	0	0	0	0	0	0
[ 11758 ms Inform] Recording data from US 3->237
[ 11760 ms Inform] DATA: 0 TX: 	0	0	0	0	0	0	0	0	1028	1028	1028	1028	1028	1028	1028	1028 RX: 	0	0	0	0	0	0	0	0	0	0	0	0	0	0	0	0
[ 12006 ms Inform] Recording data from US 4->246
[ 12010 ms Inform] DATA: 0 TX: 	0	0	0	0	0	0	0	0	1028	1028	1028	1028	1028	1028	1028	1028 RX: 	0	0	0	0	0	0	0	0	0	0	0	0	0	0	0	0
[ 12256 ms Inform] Recording data from US 5->236
[ 12260 ms Inform] DATA: 0 TX: 	0	0	0	0	0	0	0	0	1028	1028	1028	1028	1028	1028	1028	1028 RX: 	0	0	0	0	0	0	0	0	0	0	0	0	0	0	0	0
[ 12510 ms Inform] DATA: 0 TX: 	0	0	0	0	0	0	0	0	1028	1028	1028	1028	1028	1028	1028	1028 RX: 	0	0	0	0	0	0	0	0	0	0	0	0	0	0	0	0
[ 12714 ms Inform] Recording data from US 0->3831
[ 12760 ms Inform] DATA: 0 TX: 	0	0	0	0	0	0	0	0	1028	1028	1028	1028	1028	1028	1028	1028 RX: 	0	0	0	0	0	0	0	0	0	0	0	0	0	0	0	0
[ 12946 ms Inform] Recording data from US 1->6
[ 13193 ms Inform] DATA: 0 TX: 	0	0	0	0	0	0	0	0	1028	1028	1028	1028	1028	1028	1028	1028 RX: 	0	0	0	0	0	0	0	0	0	0	0	0	0	0	0	0
[ 13196 ms Inform] Recording data from US 2->247
[ 13434 ms Inform] Recording data from US 3->97
[ 13443 ms Inform] DATA: 0 TX: 	0	0	0	0	0	0	0	0	1028	1028	1028	1028	1028	1028	1028	1028 RX: 	0	0	0	0	0	0	0	0	0	0	0	0	0	0	0	0
[ 13867 ms Inform] Recording data from US 4->3737
[ 13894 ms Inform] DATA: 0 TX: 	0	0	0	0	0	0	0	0	1028	1028	1028	1028	1028	1028	1028	1028 RX: 	0	0	0	0	0	0	0	0	0	0	0	0	0	0	0	0
[ 14101 ms Inform] Recording data from US 5->201
[ 14336 ms Inform] DATA: 0 TX: 	0	0	0	0	0	0	0	0	1028	1028	1028	1028	1028	1028	1028	1028 RX: 	0	0	0	0	0	0	0	0	0	0	0	0	0	0	0	0
[ 14776 ms Inform] DATA: 0 TX: 	0	0	0	0	0	0	0	0	1028	1028	1028	1028	1028	1028	1028	1028 RX: 	0	0	0	0	0	0	0	0	0	0	0	0	0	0	0	0
[ 14955 ms Inform] Recording data from US 0->7248
[ 15026 ms Inform] DATA: 0 TX: 	0	0	0	0	0	0	0	0	1028	1028	1028	1028	1028	1028	1028	1028 RX: 	0	0	0	0	0	0	0	0	0	0	0	0	0	0	0	0
[ 15191 ms Inform] Recording data from US 1->4
[ 15434 ms Inform] Recording data from US 2->241
[ 15437 ms Inform] DATA: 0 TX: 	0	0	0	0	0	0	0	0	1028	1028	1028	1028	1028	1028	1028	1028 RX: 	0	0	0	0	0	0	0	0	0	0	0	0	0	0	0	0
[ 15678 ms Inform] Recording data from US 3->237
[ 15687 ms Inform] DATA: 0 TX: 	0	0	0	0	0	0	0	0	1028	1028	1028	1028	1028	1028	1028	1028 RX: 	0	0	0	0	0	0	0	0	0	0	0	0	0	0	0	0
[ 15925 ms Inform] Recording data from US 4->245
[ 15937 ms Inform] DATA: 0 TX: 	0	0	0	0	0	0	0	0	1028	1028	1028	1028	1028	1028	1028	1028 RX: 	0	0	0	0	0	0	0	0	0	0	0	0	0	0	0	0
[ 16155 ms Inform] Recording data from US 5->197
[ 16390 ms Inform] DATA: 0 TX: 	0	0	0	0	0	0	0	0	1028	1028	1028	1028	1028	1028	1028	1028 RX: 	0	0	0	0	0	0	0	0	0	0	0	0	0	0	0	0
[ 16826 ms Inform] DATA: 0 TX: 	0	0	0	0	0	0	0	0	1028	1028	1028	1028	1028	1028	1028	1028 RX: 	0	0	0	0	0	0	0	0	0	0	0	0	0	0	0	0
[ 17008 ms Inform] Recording data from US 0->7297
[ 17076 ms Inform] DATA: 0 TX: 	0	0	0	0	0	0	0	0	1028	1028	1028	1028	1028	1028	1028	1028 RX: 	0	0	0	0	0	0	0	0	0	0	0	0	0	0	0	0
[ 17246 ms Inform] Recording data from US 1->6
[ 17492 ms Inform] DATA: 0 TX: 	0	0	0	0	0	0	0	0	1028	1028	1028	1028	1028	1028	1028	1028 RX: 	0	0	0	0	0	0	0	0	0	0	0	0	0	0	0	0
[ 17493 ms Inform] Recording data from US 2->241
[ 17734 ms Inform] Recording data from US 3->135
[ 17742 ms Inform] DATA: 0 TX: 	0	0	0	0	0	0	0	0	1028	1028	1028	1028	1028	1028	1028	1028 RX: 	0	0	0	0	0	0	0	0	0	0	0	0	0	0	0	0
[ 18170 ms Inform] Recording data from US 4->3782
[ 18194 ms Inform] DATA: 0 TX: 	0	0	0	0	0	0	0	0	1028	1028	1028	1028	1028	1028	1028	1028 RX: 	0	0	0	0	0	0	0	0	0	0	0	0	0	0	0	0
[ 18402 ms Inform] Recording data from US 5->196
[ 18637 ms Inform] DATA: 0 TX: 	0	0	0	0	0	0	0	0	1028	1028	1028	1028	1028	1028	1028	1028 RX: 	0	0	0	0	0	0	0	0	0	0	0	0	0	0	0	0
[ 19079 ms Inform] DATA: 0 TX: 	0	0	0	0	0	0	0	0	1028	1028	1028	1028	1028	1028	1028	1028 RX: 	0	0	0	0	0	0	0	0	0	0	0	0	0	0	0	0
[ 19261 ms Inform] Recording data from US 0->7293
[ 19329 ms Inform] DATA: 0 TX: 	0	0	0	0	0	0	0	0	1028	1028	1028	1028	1028	1028	1028	1028 RX: 	0	0	0	0	0	0	0	0	0	0	0	0	0	0	0	0
[ 19495 ms Inform] Recording data from US 1->6
[ 19740 ms Inform] Recording data from US 2->247
[ 19741 ms Inform] DATA: 0 TX: 	0	0	0	0	0	0	0	0	1028	1028	1028	1028	1028	1028	1028	1028 RX: 	0	0	0	0	0	0	0	0	0	0	0	0	0	0	0	0
[ 19979 ms Inform] Recording data from US 3->136
[ 19991 ms Inform] DATA: 0 TX: 	0	0	0	0	0	0	0	0	1028	1028	1028	1028	1028	1028	1028	1028 RX: 	0	0	0	0	0	0	0	0	0	0	0	0	0	0	0	0
[ 20412 ms Inform] Recording data from US 4->3770
[ 20437 ms Inform] DATA: 0 TX: 	0	0	0	0	0	0	0	0	1028	1028	1028	1028	1028	1028	1028	1028 RX: 	0	0	0	0	0	0	0	0	0	0	0	0	0	0	0	0
[ 20644 ms Inform] Recording data from US 5->204
[ 20879 ms Inform] DATA: 0 TX: 	0	0	0	0	0	0	0	0	1028	1028	1028	1028	1028	1028	1028	1028 RX: 	0	0	0	0	0	0	0	0	0	0	0	0	0	0	0	0
[ 21316 ms Inform] DATA: 0 TX: 	0	0	0	0	0	0	0	0	1028	1028	1028	1028	1028	1028	1028	1028 RX: 	0	0	0	0	0	0	0	0	0	0	0	0	0	0	0	0
[ 21495 ms Inform] Recording data from US 0->7245
[ 21566 ms Inform] DATA: 0 TX: 	0	0	0	0	0	0	0	0	1028	1028	1028	1028	1028	1028	1028	1028 RX: 	0	0	0	0	0	0	0	0	0	0	0	0	0	0	0	0
[ 21728 ms Inform] Recording data from US 1->5
[ 21971 ms Inform] Recording data from US 2->247
[ 21974 ms Inform] DATA: 0 TX: 	0	0	0	0	0	0	0	0	1028	1028	1028	1028	1028	1028	1028	1028 RX: 	0	0	0	0	0	0	0	0	0	0	0	0	0	0	0	0
[ 22210 ms Inform] Recording data from US 3->136
[ 22224 ms Inform] DATA: 0 TX: 	0	0	0	0	0	0	0	0	1028	1028	1028	1028	1028	1028	1028	1028 RX: 	0	0	0	0	0	0	0	0	0	0	0	0	0	0	0	0
[ 22644 ms Inform] Recording data from US 4->3805
[ 22668 ms Inform] DATA: 0 TX: 	0	0	0	0	0	0	0	0	1028	1028	1028	1028	1028	1028	1028	1028 RX: 	0	0	0	0	0	0	0	0	0	0	0	0	0	0	0	0
[ 22879 ms Inform] Recording data from US 5->202
[ 23114 ms Inform] DATA: 0 TX: 	0	0	0	0	0	0	0	0	1028	1028	1028	1028	1028	1028	1028	1028 RX: 	0	0	0	0	0	0	0	0	0	0	0	0	0	0	0	0
[ 23557 ms Inform] DATA: 0 TX: 	0	0	0	0	0	0	0	0	1028	1028	1028	1028	1028	1028	1028	1028 RX: 	0	0	0	0	0	0	0	0	0	0	0	0	0	0	0	0
[ 23739 ms Inform] Recording data from US 0->7277
[ 23807 ms Inform] DATA: 0 TX: 	0	0	0	0	0	0	0	0	1028	1028	1028	1028	1028	1028	1028	1028 RX: 	0	0	0	0	0	0	0	0	0	0	0	0	0	0	0	0
[ 23973 ms Inform] Recording data from US 1->6
[ 24218 ms Inform] Recording data from US 2->241
[ 24219 ms Inform] DATA: 0 TX: 	0	0	0	0	0	0	0	0	1028	1028	1028	1028	1028	1028	1028	1028 RX: 	0	0	0	0	0	0	0	0	0	0	0	0	0	0	0	0
[ 24456 ms Inform] Recording data from US 3->137
[ 24469 ms Inform] DATA: 0 TX: 	0	0	0	0	0	0	0	0	1028	1028	1028	1028	1028	1028	1028	1028 RX: 	0	0	0	0	0	0	0	0	0	0	0	0	0	0	0	0
[ 24890 ms Inform] Recording data from US 4->3718
[ 24918 ms Inform] DATA: 0 TX: 	0	0	0	0	0	0	0	0	1028	1028	1028	1028	1028	1028	1028	1028 RX: 	0	0	0	0	0	0	0	0	0	0	0	0	0	0	0	0
[ 25122 ms Inform] Recording data from US 5->204
[ 25357 ms Inform] DATA: 0 TX: 	0	0	0	0	0	0	0	0	1028	1028	1028	1028	1028	1028	1028	1028 RX: 	0	0	0	0	0	0	0	0	0	0	0	0	0	0	0	0
[ 25796 ms Inform] DATA: 0 TX: 	0	0	0	0	0	0	0	0	1028	1028	1028	1028	1028	1028	1028	1028 RX: 	0	0	0	0	0	0	0	0	0	0	0	0	0	0	0	0
[ 25979 ms Inform] Recording data from US 0->7312
[ 26046 ms Inform] DATA: 0 TX: 	0	0	0	0	0	0	0	0	1028	1028	1028	1028	1028	1028	1028	1028 RX: 	0	0	0	0	0	0	0	0	0	0	0	0	0	0	0	0
[ 26213 ms Inform] Recording data from US 1->5
[ 26456 ms Inform] Recording data from US 2->241
[ 26459 ms Inform] DATA: 0 TX: 	0	0	0	0	0	0	0	0	1028	1028	1028	1028	1028	1028	1028	1028 RX: 	0	0	0	0	0	0	0	0	0	0	0	0	0	0	0	0
[ 26697 ms Inform] Recording data from US 3->137
[ 26709 ms Inform] DATA: 0 TX: 	0	0	0	0	0	0	0	0	1028	1028	1028	1028	1028	1028	1028	1028 RX: 	0	0	0	0	0	0	0	0	0	0	0	0	0	0	0	0
[ 27124 ms Inform] Recording data from US 4->3692
[ 27154 ms Inform] DATA: 0 TX: 	0	0	0	0	0	0	0	0	1028	1028	1028	1028	1028	1028	1028	1028 RX: 	0	0	0	0	0	0	0	0	0	0	0	0	0	0	0	0
[ 27354 ms Inform] Recording data from US 5->201
[ 27589 ms Inform] DATA: 0 TX: 	0	0	0	0	0	0	0	0	1028	1028	1028	1028	1028	1028	1028	1028 RX: 	0	0	0	0	0	0	0	0	0	0	0	0	0	0	0	0
[ 28027 ms Inform] DATA: 0 TX: 	0	0	0	0	0	0	0	0	1028	1028	1028	1028	1028	1028	1028	1028 RX: 	0	0	0	0	0	0	0	0	0	0	0	0	0	0	0	0
[ 28218 ms Inform] Recording data from US 0->7438
[ 28277 ms Inform] DATA: 0 TX: 	0	0	0	0	0	0	0	0	1028	1028	1028	1028	1028	1028	1028	1028 RX: 	0	0	0	0	0	0	0	0	0	0	0	0	0	0	0	0
[ 28452 ms Inform] Recording data from US 1->6
[ 28698 ms Inform] Recording data from US 2->248
[ 28698 ms Inform] DATA: 0 TX: 	0	0	0	0	0	0	0	0	1028	1028	1028	1028	1028	1028	1028	1028 RX: 	0	0	0	0	0	0	0	0	0	0	0	0	0	0	0	0
[ 28940 ms Inform] Recording data from US 3->137
[ 28948 ms Inform] DATA: 0 TX: 	0	0	0	0	0	0	0	0	1028	1028	1028	1028	1028	1028	1028	1028 RX: 	0	0	0	0	0	0	0	0	0	0	0	0	0	0	0	0
[ 29372 ms Inform] Recording data from US 4->3729
[ 29400 ms Inform] DATA: 0 TX: 	0	0	0	0	0	0	0	0	1028	1028	1028	1028	1028	1028	1028	1028 RX: 	0	0	0	0	0	0	0	0	0	0	0	0	0	0	0	0
[ 29604 ms Inform] Recording data from US 5->197
[ 29839 ms Inform] DATA: 0 TX: 	0	0	0	0	0	0	0	0	1028	1028	1028	1028	1028	1028	1028	1028 RX: 	0	0	0	0	0	0	0	0	0	0	0	0	0	0	0	0
[ 30278 ms Inform] DATA: 0 TX: 	0	0	0	0	0	0	0	0	1028	1028	1028	1028	1028	1028	1028	1028 RX: 	0	0	0	0	0	0	0	0	0	0	0	0	0	0	0	0
[ 30462 ms Inform] Recording data from US 0->7311
[ 30528 ms Inform] DATA: 0 TX: 	0	0	0	0	0	0	0	0	1028	1028	1028	1028	1028	1028	1028	1028 RX: 	0	0	0	0	0	0	0	0	0	0	0	0	0	0	0	0
[ 30693 ms Inform] Recording data from US 1->6
[ 30939 ms Inform] Recording data from US 2->240
[ 30940 ms Inform] DATA: 0 TX: 	0	0	0	0	0	0	0	0	1028	1028	1028	1028	1028	1028	1028	1028 RX: 	0	0	0	0	0	0	0	0	0	0	0	0	0	0	0	0
[ 31181 ms Inform] Recording data from US 3->138
[ 31190 ms Inform] DATA: 0 TX: 	0	0	0	0	0	0	0	0	1028	1028	1028	1028	1028	1028	1028	1028 RX: 	0	0	0	0	0	0	0	0	0	0	0	0	0	0	0	0
[ 31610 ms Inform] Recording data from US 4->3699
[ 31639 ms Inform] DATA: 0 TX: 	0	0	0	0	0	0	0	0	1028	1028	1028	1028	1028	1028	1028	1028 RX: 	0	0	0	0	0	0	0	0	0	0	0	0	0	0	0	0
[ 31841 ms Inform] Recording data from US 5->207
[ 32076 ms Inform] DATA: 0 TX: 	0	0	0	0	0	0	0	0	1028	1028	1028	1028	1028	1028	1028	1028 RX: 	0	0	0	0	0	0	0	0	0	0	0	0	0	0	0	0
[ 32513 ms Inform] DATA: 0 TX: 	0	0	0	0	0	0	0	0	1028	1028	1028	1028	1028	1028	1028	1028 RX: 	0	0	0	0	0	0	0	0	0	0	0	0	0	0	0	0
[ 32696 ms Inform] Recording data from US 0->7300
[ 32763 ms Inform] DATA: 0 TX: 	0	0	0	0	0	0	0	0	1028	1028	1028	1028	1028	1028	1028	1028 RX: 	0	0	0	0	0	0	0	0	0	0	0	0	0	0	0	0
[ 32927 ms Inform] Recording data from US 1->6
[ 33171 ms Inform] Recording data from US 2->239
[ 33174 ms Inform] DATA: 0 TX: 	0	0	0	0	0	0	0	0	1028	1028	1028	1028	1028	1028	1028	1028 RX: 	0	0	0	0	0	0	0	0	0	0	0	0	0	0	0	0
[ 33422 ms Inform] Recording data from US 3->235
[ 33424 ms Inform] DATA: 0 TX: 	0	0	0	0	0	0	0	0	1028	1028	1028	1028	1028	1028	1028	1028 RX: 	0	0	0	0	0	0	0	0	0	0	0	0	0	0	0	0
[ 33670 ms Inform] Recording data from US 4->246
[ 33674 ms Inform] DATA: 0 TX: 	0	0	0	0	0	0	0	0	1028	1028	1028	1028	1028	1028	1028	1028 RX: 	0	0	0	0	0	0	0	0	0	0	0	0	0	0	0	0
[ 33918 ms Inform] Recording data from US 5->241
[ 33924 ms Inform] DATA: 0 TX: 	0	0	0	0	0	0	0	0	1028	1028	1028	1028	1028	1028	1028	1028 RX: 	0	0	0	0	0	0	0	0	0	0	0	0	0	0	0	0
[ 34174 ms Inform] DATA: 0 TX: 	0	0	0	0	0	0	0	0	1028	1028	1028	1028	1028	1028	1028	1028 RX: 	0	0	0	0	0	0	0	0	0	0	0	0	0	0	0	0
[ 34379 ms Inform] Recording data from US 0->3827
[ 34424 ms Inform] DATA: 0 TX: 	0	0	0	0	0	0	0	0	1028	1028	1028	1028	1028	1028	1028	1028 RX: 	0	0	0	0	0	0	0	0	0	0	0	0	0	0	0	0
[ 34611 ms Inform] Recording data from US 1->6
[ 34858 ms Inform] DATA: 0 TX: 	0	0	0	0	0	0	0	0	1028	1028	1028	1028	1028	1028	1028	1028 RX: 	0	0	0	0	0	0	0	0	0	0	0	0	0	0	0	0
[ 34858 ms Inform] Recording data from US 2->250
[ 35107 ms Inform] Recording data from US 3->235
[ 35108 ms Inform] DATA: 0 TX: 	0	0	0	0	0	0	0	0	1028	1028	1028	1028	1028	1028	1028	1028 RX: 	0	0	0	0	0	0	0	0	0	0	0	0	0	0	0	0
[ 35352 ms Inform] Recording data from US 4->245
[ 35358 ms Inform] DATA: 0 TX: 	0	0	0	0	0	0	0	0	1028	1028	1028	1028	1028	1028	1028	1028 RX: 	0	0	0	0	0	0	0	0	0	0	0	0	0	0	0	0
[ 35598 ms Inform] Recording data from US 5->235
[ 35608 ms Inform] DATA: 0 TX: 	0	0	0	0	0	0	0	0	1028	1028	1028	1028	1028	1028	1028	1028 RX: 	0	0	0	0	0	0	0	0	0	0	0	0	0	0	0	0
[ 36067 ms Inform] DATA: 0 TX: 	0	0	0	0	0	0	0	0	1028	1028	1028	1028	1028	1028	1028	1028 RX: 	0	0	0	0	0	0	0	0	0	0	0	0	0	0	0	0
[ 36249 ms Inform] Recording data from US 0->7293
[ 36317 ms Inform] DATA: 0 TX: 	0	0	0	0	0	0	0	0	1028	1028	1028	1028	1028	1028	1028	1028 RX: 	0	0	0	0	0	0	0	0	0	0	0	0	0	0	0	0
[ 36482 ms Inform] Recording data from US 1->6
[ 36726 ms Inform] Recording data from US 2->236
[ 36728 ms Inform] DATA: 0 TX: 	0	0	0	0	0	0	0	0	1028	1028	1028	1028	1028	1028	1028	1028 RX: 	0	0	0	0	0	0	0	0	0	0	0	0	0	0	0	0
[ 36969 ms Inform] Recording data from US 3->151
[ 36978 ms Inform] DATA: 0 TX: 	0	0	0	0	0	0	0	0	1028	1028	1028	1028	1028	1028	1028	1028 RX: 	0	0	0	0	0	0	0	0	0	0	0	0	0	0	0	0
[ 37396 ms Inform] Recording data from US 4->3702
[ 37426 ms Inform] DATA: 0 TX: 	0	0	0	0	0	0	0	0	1028	1028	1028	1028	1028	1028	1028	1028 RX: 	0	0	0	0	0	0	0	0	0	0	0	0	0	0	0	0
[ 37835 ms Inform] Recording data from US 5->199
[ 37862 ms Inform] DATA: 0 TX: 	0	0	0	0	0	0	0	0	1028	1028	1028	1028	1028	1028	1028	1028 RX: 	0	0	0	0	0	0	0	0	0	0	0	0	0	0	0	0
[ 38301 ms Inform] DATA: 0 TX: 	0	0	0	0	0	0	0	0	1028	1028	1028	1028	1028	1028	1028	1028 RX: 	0	0	0	0	0	0	0	0	0	0	0	0	0	0	0	0
[ 38478 ms Inform] Recording data from US 0->7209
[ 38551 ms Inform] DATA: 0 TX: 	0	0	0	0	0	0	0	0	1028	1028	1028	1028	1028	1028	1028	1028 RX: 	0	0	0	0	0	0	0	0	0	0	0	0	0	0	0	0
[ 38709 ms Inform] Recording data from US 1->4
[ 38955 ms Inform] DATA: 0 TX: 	0	0	0	0	0	0	0	0	1028	1028	1028	1028	1028	1028	1028	1028 RX: 	0	0	0	0	0	0	0	0	0	0	0	0	0	0	0	0
[ 38959 ms Inform] Recording data from US 2->240
[ 39206 ms Inform] DATA: 0 TX: 	0	0	0	0	0	0	0	0	1028	1028	1028	1028	1028	1028	1028	1028 RX: 	0	0	0	0	0	0	0	0	0	0	0	0	0	0	0	0
[ 39207 ms Inform] Recording data from US 3->240
[ 39455 ms Inform] Recording data from US 4->245
[ 39456 ms Inform] DATA: 0 TX: 	0	0	0	0	0	0	0	0	1028	1028	1028	1028	1028	1028	1028	1028 RX: 	0	0	0	0	0	0	0	0	0	0	0	0	0	0	0	0
[ 39705 ms Inform] Recording data from US 5->245
[ 39706 ms Inform] DATA: 0 TX: 	0	0	0	0	0	0	0	0	1028	1028	1028	1028	1028	1028	1028	1028 RX: 	0	0	0	0	0	0	0	0	0	0	0	0	0	0	0	0
[ 39956 ms Inform] DATA: 0 TX: 	0	0	0	0	0	0	0	0	1028	1028	1028	1028	1028	1028	1028	1028 RX: 	0	0	0	0	0	0	0	0	0	0	0	0	0	0	0	0
[ 40162 ms Inform] Recording data from US 0->3823
[ 40206 ms Inform] DATA: 0 TX: 	0	0	0	0	0	0	0	0	1028	1028	1028	1028	1028	1028	1028	1028 RX: 	0	0	0	0	0	0	0	0	0	0	0	0	0	0	0	0
[ 40395 ms Inform] Recording data from US 1->6
[ 40641 ms Inform] DATA: 0 TX: 	0	0	0	0	0	0	0	0	1028	1028	1028	1028	1028	1028	1028	1028 RX: 	0	0	0	0	0	0	0	0	0	0	0	0	0	0	0	0
[ 40643 ms Inform] Recording data from US 2->240
[ 40888 ms Inform] Recording data from US 3->241
[ 40891 ms Inform] DATA: 0 TX: 	0	0	0	0	0	0	0	0	1028	1028	1028	1028	1028	1028	1028	1028 RX: 	0	0	0	0	0	0	0	0	0	0	0	0	0	0	0	0
[ 41134 ms Inform] Recording data from US 4->244
[ 41141 ms Inform] DATA: 0 TX: 	0	0	0	0	0	0	0	0	1028	1028	1028	1028	1028	1028	1028	1028 RX: 	0	0	0	0	0	0	0	0	0	0	0	0	0	0	0	0
[ 41382 ms Inform] Recording data from US 5->239
[ 41391 ms Inform] DATA: 0 TX: 	0	0	0	0	0	0	0	0	1028	1028	1028	1028	1028	1028	1028	1028 RX: 	0	0	0	0	0	0	0	0	0	0	0	0	0	0	0	0
[ 41641 ms Inform] DATA: 0 TX: 	0	0	0	0	0	0	0	0	1028	1028	1028	1028	1028	1028	1028	1028 RX: 	0	0	0	0	0	0	0	0	0	0	0	0	0	0	0	0
[ 41838 ms Inform] Recording data from US 0->3818
[ 41891 ms Inform] DATA: 0 TX: 	0	0	0	0	0	0	0	0	1028	1028	1028	1028	1028	1028	1028	1028 RX: 	0	0	0	0	0	0	0	0	0	0	0	0	0	0	0	0
[ 42070 ms Inform] Recording data from US 1->6
[ 42316 ms Inform] DATA: 0 TX: 	0	0	0	0	0	0	0	0	1028	1028	1028	1028	1028	1028	1028	1028 RX: 	0	0	0	0	0	0	0	0	0	0	0	0	0	0	0	0
[ 42317 ms Inform] Recording data from US 2->246
[ 42563 ms Inform] Recording data from US 3->247
[ 42566 ms Inform] DATA: 0 TX: 	0	0	0	0	0	0	0	0	1028	1028	1028	1028	1028	1028	1028	1028 RX: 	0	0	0	0	0	0	0	0	0	0	0	0	0	0	0	0
[ 42807 ms Inform] Recording data from US 4->244
[ 42816 ms Inform] DATA: 0 TX: 	0	0	0	0	0	0	0	0	1028	1028	1028	1028	1028	1028	1028	1028 RX: 	0	0	0	0	0	0	0	0	0	0	0	0	0	0	0	0
[ 43054 ms Inform] Recording data from US 5->240
[ 43066 ms Inform] DATA: 0 TX: 	0	0	0	0	0	0	0	0	1028	1028	1028	1028	1028	1028	1028	1028 RX: 	0	0	0	0	0	0	0	0	0	0	0	0	0	0	0	0
[ 43520 ms Inform] DATA: 0 TX: 	0	0	0	0	0	0	0	0	1028	1028	1028	1028	1028	1028	1028	1028 RX: 	0	0	0	0	0	0	0	0	0	0	0	0	0	0	0	0
[ 43696 ms Inform] Recording data from US 0->7193
[ 43770 ms Inform] DATA: 0 TX: 	0	0	0	0	0	0	0	0	1028	1028	1028	1028	1028	1028	1028	1028 RX: 	0	0	0	0	0	0	0	0	0	0	0	0	0	0	0	0
[ 43926 ms Inform] Recording data from US 1->6
[ 44172 ms Inform] DATA: 0 TX: 	0	0	0	0	0	0	0	0	1028	1028	1028	1028	1028	1028	1028	1028 RX: 	0	0	0	0	0	0	0	0	0	0	0	0	0	0	0	0
[ 44173 ms Inform] Recording data from US 2->244
[ 44408 ms Inform] Recording data from US 3->79
[ 44422 ms Inform] DATA: 0 TX: 	0	0	0	0	0	0	0	0	1028	1028	1028	1028	1028	1028	1028	1028 RX: 	0	0	0	0	0	0	0	0	0	0	0	0	0	0	0	0
[ 44847 ms Inform] Recording data from US 4->3760
[ 44873 ms Inform] DATA: 0 TX: 	0	0	0	0	0	0	0	0	1028	1028	1028	1028	1028	1028	1028	1028 RX: 	0	0	0	0	0	0	0	0	0	0	0	0	0	0	0	0
[ 45085 ms Inform] Recording data from US 5->199
[ 45320 ms Inform] DATA: 0 TX: 	0	0	0	0	0	0	0	0	1028	1028	1028	1028	1028	1028	1028	1028 RX: 	0	0	0	0	0	0	0	0	0	0	0	0	0	0	0	0
[ 45762 ms Inform] DATA: 0 TX: 	0	0	0	0	0	0	0	0	1028	1028	1028	1028	1028	1028	1028	1028 RX: 	0	0	0	0	0	0	0	0	0	0	0	0	0	0	0	0
[ 45947 ms Inform] Recording data from US 0->7338
[ 46012 ms Inform] DATA: 0 TX: 	0	0	0	0	0	0	0	0	1028	1028	1028	1028	1028	1028	1028	1028 RX: 	0	0	0	0	0	0	0	0	0	0	0	0	0	0	0	0
[ 46180 ms Inform] Recording data from US 1->5
[ 46426 ms Inform] DATA: 0 TX: 	0	0	0	0	0	0	0	0	1028	1028	1028	1028	1028	1028	1028	1028 RX: 	0	0	0	0	0	0	0	0	0	0	0	0	0	0	0	0
[ 46427 ms Inform] Recording data from US 2->238
[ 46665 ms Inform] Recording data from US 3->111
[ 46676 ms Inform] DATA: 0 TX: 	0	0	0	0	0	0	0	0	1028	1028	1028	1028	1028	1028	1028	1028 RX: 	0	0	0	0	0	0	0	0	0	0	0	0	0	0	0	0
[ 47098 ms Inform] Recording data from US 4->3728
[ 47125 ms Inform] DATA: 0 TX: 	0	0	0	0	0	0	0	0	1028	1028	1028	1028	1028	1028	1028	1028 RX: 	0	0	0	0	0	0	0	0	0	0	0	0	0	0	0	0
[ 47333 ms Inform] Recording data from US 5->202
[ 47568 ms Inform] DATA: 0 TX: 	0	0	0	0	0	0	0	0	1028	1028	1028	1028	1028	1028	1028	1028 RX: 	0	0	0	0	0	0	0	0	0	0	0	0	0	0	0	0
[ 48008 ms Inform] DATA: 0 TX: 	0	0	0	0	0	0	0	0	1028	1028	1028	1028	1028	1028	1028	1028 RX: 	0	0	0	0	0	0	0	0	0	0	0	0	0	0	0	0
[ 48192 ms Inform] Recording data from US 0->7325
[ 48258 ms Inform] DATA: 0 TX: 	0	0	0	0	0	0	0	0	1028	1028	1028	1028	1028	1028	1028	1028 RX: 	0	0	0	0	0	0	0	0	0	0	0	0	0	0	0	0
[ 48431 ms Inform] Recording data from US 1->93
[ 48662 ms Inform] Recording data from US 2->118
[ 48672 ms Inform] DATA: 0 TX: 	0	0	0	0	0	0	0	0	1028	1028	1028	1028	1028	1028	1028	1028 RX: 	0	0	0	0	0	0	0	0	0	0	0	0	0	0	0	0
[ 48877 ms Inform] Recording data from US 3->40
[ 49119 ms Inform] Recording data from US 4->250
[ 49121 ms Inform] DATA: 0 TX: 	0	0	0	0	0	0	0	0	1028	1028	1028	1028	1028	1028	1028	1028 RX: 	0	0	0	0	0	0	0	0	0	0	0	0	0	0	0	0
[ 49366 ms Inform] Recording data from US 5->241
[ 49371 ms Inform] DATA: 0 TX: 	0	0	0	0	0	0	0	0	1028	1028	1028	1028	1028	1028	1028	1028 RX: 	0	0	0	0	0	0	0	0	0	0	0	0	0	0	0	0
[ 49621 ms Inform] DATA: 0 TX: 	0	0	0	0	0	0	0	0	1028	1028	1028	1028	1028	1028	1028	1028 RX: 	0	0	0	0	0	0	0	0	0	0	0	0	0	0	0	0
[ 49823 ms Inform] Recording data from US 0->154
[ 49871 ms Inform] DATA: 0 TX: 	0	0	0	0	0	0	0	0	1028	1028	1028	1028	1028	1028	1028	1028 RX: 	0	0	0	0	0	0	0	0	0	0	0	0	0	0	0	0
[ 50062 ms Inform] Recording data from US 1->78
[ 50300 ms Inform] Recording data from US 2->115
[ 50304 ms Inform] DATA: 0 TX: 	0	0	0	0	0	0	0	0	1028	1028	1028	1028	1028	1028	1028	1028 RX: 	0	0	0	0	0	0	0	0	0	0	0	0	0	0	0	0
[ 50736 ms Inform] Recording data from US 3->3741
[ 50762 ms Inform] DATA: 0 TX: 	0	0	0	0	0	0	0	0	1028	1028	1028	1028	1028	1028	1028	1028 RX: 	0	0	0	0	0	0	0	0	0	0	0	0	0	0	0	0
[ 51178 ms Inform] Recording data from US 4->3750
[ 51204 ms Inform] DATA: 0 TX: 	0	0	0	0	0	0	0	0	1028	1028	1028	1028	1028	1028	1028	1028 RX: 	0	0	0	0	0	0	0	0	0	0	0	0	0	0	0	0
[ 51621 ms Inform] Recording data from US 5->3774
[ 51646 ms Inform] DATA: 0 TX: 	0	0	0	0	0	0	0	0	1028	1028	1028	1028	1028	1028	1028	1028 RX: 	0	0	0	0	0	0	0	0	0	0	0	0	0	0	0	0
[ 51843 ms Inform] Recording data from US 0->38
[ 52088 ms Inform] DATA: 0 TX: 	0	0	0	0	0	0	0	0	1028	1028	1028	1028	1028	1028	1028	1028 RX: 	0	0	0	0	0	0	0	0	0	0	0	0	0	0	0	0
[ 52280 ms Inform] Recording data from US 1->3
[ 52338 ms Inform] DATA: 0 TX: 	0	0	0	0	0	0	0	0	1028	1028	1028	1028	1028	1028	1028	1028 RX: 	0	0	0	0	0	0	0	0	0	0	0	0	0	0	0	0
[ 52518 ms Inform] Recording data from US 2->115
[ 52749 ms Inform] Recording data from US 3->60
[ 52759 ms Inform] DATA: 0 TX: 	0	0	0	0	0	0	0	0	1028	1028	1028	1028	1028	1028	1028	1028 RX: 	0	0	0	0	0	0	0	0	0	0	0	0	0	0	0	0
[ 52969 ms Inform] Recording data from US 4->71
[ 53205 ms Inform] Recording data from US 5->144
[ 53212 ms Inform] DATA: 0 TX: 	0	0	0	0	0	0	0	0	1028	1028	1028	1028	1028	1028	1028	1028 RX: 	0	0	0	0	0	0	0	0	0	0	0	0	0	0	0	0
[ 53419 ms Inform] Recording data from US 0->38
[ 53663 ms Inform] DATA: 0 TX: 	0	0	0	0	0	0	0	0	1028	1028	1028	1028	1028	1028	1028	1028 RX: 	0	0	0	0	0	0	0	0	0	0	0	0	0	0	0	0
[ 53859 ms Inform] Recording data from US 1->4
[ 53913 ms Inform] DATA: 0 TX: 	0	0	0	0	0	0	0	0	1028	1028	1028	1028	1028	1028	1028	1028 RX: 	0	0	0	0	0	0	0	0	0	0	0	0	0	0	0	0
[ 54096 ms Inform] Recording data from US 2->115
[ 54336 ms Inform] DATA: 0 TX: 	0	0	0	0	0	0	0	0	1028	1028	1028	1028	1028	1028	1028	1028 RX: 	0	0	0	0	0	0	0	0	0	0	0	0	0	0	0	0
[ 54555 ms Inform] Recording data from US 3->4009
[ 54586 ms Inform] DATA: 0 TX: 	0	0	0	0	0	0	0	0	1028	1028	1028	1028	1028	1028	1028	1028 RX: 	0	0	0	0	0	0	0	0	0	0	0	0	0	0	0	0
[ 54778 ms Inform] Recording data from US 4->71
[ 55012 ms Inform] Recording data from US 5->142
[ 55020 ms Inform] DATA: 0 TX: 	0	0	0	0	0	0	0	0	1028	1028	1028	1028	1028	1028	1028	1028 RX: 	0	0	0	0	0	0	0	0	0	0	0	0	0	0	0	0
[ 55225 ms Inform] Recording data from US 0->38
[ 55470 ms Inform] DATA: 0 TX: 	0	0	0	0	0	0	0	0	1028	1028	1028	1028	1028	1028	1028	1028 RX: 	0	0	0	0	0	0	0	0	0	0	0	0	0	0	0	0
[ 55673 ms Inform] Recording data from US 1->3
[ 55720 ms Inform] DATA: 0 TX: 	0	0	0	0	0	0	0	0	1028	1028	1028	1028	1028	1028	1028	1028 RX: 	0	0	0	0	0	0	0	0	0	0	0	0	0	0	0	0
[ 55912 ms Inform] Recording data from US 2->113
[ 56152 ms Inform] DATA: 0 TX: 	0	0	0	0	0	0	0	0	1028	1028	1028	1028	1028	1028	1028	1028 RX: 	0	0	0	0	0	0	0	0	0	0	0	0	0	0	0	0
[ 56372 ms Inform] Recording data from US 3->3992
[ 56402 ms Inform] DATA: 0 TX: 	0	0	0	0	0	0	0	0	1028	1028	1028	1028	1028	1028	1028	1028 RX: 	0	0	0	0	0	0	0	0	0	0	0	0	0	0	0	0
[ 56600 ms Inform] Recording data from US 4->71
[ 56841 ms Inform] Recording data from US 5->144
[ 56843 ms Inform] DATA: 0 TX: 	0	0	0	0	0	0	0	0	1028	1028	1028	1028	1028	1028	1028	1028 RX: 	0	0	0	0	0	0	0	0	0	0	0	0	0	0	0	0
[ 57075 ms Inform] Recording data from US 0->38
[ 57093 ms Inform] DATA: 0 TX: 	0	0	0	0	0	0	0	0	1028	1028	1028	1028	1028	1028	1028	1028 RX: 	0	0	0	0	0	0	0	0	0	0	0	0	0	0	0	0
[ 57501 ms Inform] Recording data from US 1->3
[ 57539 ms Inform] DATA: 0 TX: 	0	0	0	0	0	0	0	0	1028	1028	1028	1028	1028	1028	1028	1028 RX: 	0	0	0	0	0	0	0	0	0	0	0	0	0	0	0	0
[ 57742 ms Inform] Recording data from US 2->114
[ 57982 ms Inform] DATA: 0 TX: 	0	0	0	0	0	0	0	0	1028	1028	1028	1028	1028	1028	1028	1028 RX: 	0	0	0	0	0	0	0	0	0	0	0	0	0	0	0	0
[ 58201 ms Inform] Recording data from US 3->3981
[ 58232 ms Inform] DATA: 0 TX: 	0	0	0	0	0	0	0	0	1028	1028	1028	1028	1028	1028	1028	1028 RX: 	0	0	0	0	0	0	0	0	0	0	0	0	0	0	0	0
[ 58425 ms Inform] Recording data from US 4->70
[ 58663 ms Inform] Recording data from US 5->142
[ 58668 ms Inform] DATA: 0 TX: 	0	0	0	0	0	0	0	0	1028	1028	1028	1028	1028	1028	1028	1028 RX: 	0	0	0	0	0	0	0	0	0	0	0	0	0	0	0	0
[ 58877 ms Inform] Recording data from US 0->38
[ 59121 ms Inform] DATA: 0 TX: 	0	0	0	0	0	0	0	0	1028	1028	1028	1028	1028	1028	1028	1028 RX: 	0	0	0	0	0	0	0	0	0	0	0	0	0	0	0	0
[ 59315 ms Inform] Recording data from US 1->2
[ 59371 ms Inform] DATA: 0 TX: 	0	0	0	0	0	0	0	0	1028	1028	1028	1028	1028	1028	1028	1028 RX: 	0	0	0	0	0	0	0	0	0	0	0	0	0	0	0	0
[ 59551 ms Inform] Recording data from US 2->115
[ 59791 ms Inform] DATA: 0 TX: 	0	0	0	0	0	0	0	0	1028	1028	1028	1028	1028	1028	1028	1028 RX: 	0	0	0	0	0	0	0	0	0	0	0	0	0	0	0	0
[ 60010 ms Inform] Recording data from US 3->3963
[ 60041 ms Inform] DATA: 0 TX: 	0	0	0	0	0	0	0	0	1028	1028	1028	1028	1028	1028	1028	1028 RX: 	0	0	0	0	0	0	0	0	0	0	0	0	0	0	0	0
[ 60233 ms Inform] Recording data from US 4->70
[ 60470 ms Inform] Recording data from US 5->142
[ 60475 ms Inform] DATA: 0 TX: 	0	0	0	0	0	0	0	0	1028	1028	1028	1028	1028	1028	1028	1028 RX: 	0	0	0	0	0	0	0	0	0	0	0	0	0	0	0	0
[ 60683 ms Inform] Recording data from US 0->38
[ 60927 ms Inform] DATA: 0 TX: 	0	0	0	0	0	0	0	0	1028	1028	1028	1028	1028	1028	1028	1028 RX: 	0	0	0	0	0	0	0	0	0	0	0	0	0	0	0	0
[ 61128 ms Inform] Recording data from US 1->3
[ 61177 ms Inform] DATA: 0 TX: 	0	0	0	0	0	0	0	0	1028	1028	1028	1028	1028	1028	1028	1028 RX: 	0	0	0	0	0	0	0	0	0	0	0	0	0	0	0	0
[ 61368 ms Inform] Recording data from US 2->114
[ 61609 ms Inform] DATA: 0 TX: 	0	0	0	0	0	0	0	0	1028	1028	1028	1028	1028	1028	1028	1028 RX: 	0	0	0	0	0	0	0	0	0	0	0	0	0	0	0	0
[ 61837 ms Inform] Recording data from US 3->3807
[ 61859 ms Inform] DATA: 0 TX: 	0	0	0	0	0	0	0	0	1028	1028	1028	1028	1028	1028	1028	1028 RX: 	0	0	0	0	0	0	0	0	0	0	0	0	0	0	0	0
[ 62067 ms Inform] Recording data from US 4->70
[ 62307 ms Inform] Recording data from US 5->142
[ 62310 ms Inform] DATA: 0 TX: 	0	0	0	0	0	0	0	0	1028	1028	1028	1028	1028	1028	1028	1028 RX: 	0	0	0	0	0	0	0	0	0	0	0	0	0	0	0	0
[ 62526 ms Inform] Recording data from US 0->38
[ 62771 ms Inform] DATA: 0 TX: 	0	0	0	0	0	0	0	0	1028	1028	1028	1028	1028	1028	1028	1028 RX: 	0	0	0	0	0	0	0	0	0	0	0	0	0	0	0	0
[ 62973 ms Inform] Recording data from US 1->3
[ 63021 ms Inform] DATA: 0 TX: 	0	0	0	0	0	0	0	0	1028	1028	1028	1028	1028	1028	1028	1028 RX: 	0	0	0	0	0	0	0	0	0	0	0	0	0	0	0	0
[ 63216 ms Inform] Recording data from US 2->116
[ 63456 ms Inform] DATA: 0 TX: 	0	0	0	0	0	0	0	0	1028	1028	1028	1028	1028	1028	1028	1028 RX: 	0	0	0	0	0	0	0	0	0	0	0	0	0	0	0	0
[ 63688 ms Inform] Recording data from US 3->4148
[ 63707 ms Inform] DATA: 0 TX: 	0	0	0	0	0	0	0	0	1028	1028	1028	1028	1028	1028	1028	1028 RX: 	0	0	0	0	0	0	0	0	0	0	0	0	0	0	0	0
[ 63917 ms Inform] Recording data from US 4->71
[ 64157 ms Inform] Recording data from US 5->145
[ 64160 ms Inform] DATA: 0 TX: 	0	0	0	0	0	0	0	0	1028	1028	1028	1028	1028	1028	1028	1028 RX: 	0	0	0	0	0	0	0	0	0	0	0	0	0	0	0	0
[ 64376 ms Inform] Recording data from US 0->39
[ 64620 ms Inform] DATA: 0 TX: 	0	0	0	0	0	0	0	0	1028	1028	1028	1028	1028	1028	1028	1028 RX: 	0	0	0	0	0	0	0	0	0	0	0	0	0	0	0	0
[ 64818 ms Inform] Recording data from US 1->3
[ 64870 ms Inform] DATA: 0 TX: 	0	0	0	0	0	0	0	0	1028	1028	1028	1028	1028	1028	1028	1028 RX: 	0	0	0	0	0	0	0	0	0	0	0	0	0	0	0	0
[ 65060 ms Inform] Recording data from US 2->120
[ 65300 ms Inform] DATA: 0 TX: 	0	0	0	0	0	0	0	0	1028	1028	1028	1028	1028	1028	1028	1028 RX: 	0	0	0	0	0	0	0	0	0	0	0	0	0	0	0	0
[ 65527 ms Inform] Recording data from US 3->4082
[ 65550 ms Inform] DATA: 0 TX: 	0	0	0	0	0	0	0	0	1028	1028	1028	1028	1028	1028	1028	1028 RX: 	0	0	0	0	0	0	0	0	0	0	0	0	0	0	0	0
[ 65752 ms Inform] Recording data from US 4->70
[ 65991 ms Inform] Recording data from US 5->144
[ 65995 ms Inform] DATA: 0 TX: 	0	0	0	0	0	0	0	0	1028	1028	1028	1028	1028	1028	1028	1028 RX: 	0	0	0	0	0	0	0	0	0	0	0	0	0	0	0	0
[ 66209 ms Inform] Recording data from US 0->39
[ 66453 ms Inform] DATA: 0 TX: 	0	0	0	0	0	0	0	0	1028	1028	1028	1028	1028	1028	1028	1028 RX: 	0	0	0	0	0	0	0	0	0	0	0	0	0	0	0	0
[ 66658 ms Inform] Recording data from US 1->5
[ 66703 ms Inform] DATA: 0 TX: 	0	0	0	0	0	0	0	0	1028	1028	1028	1028	1028	1028	1028	1028 RX: 	0	0	0	0	0	0	0	0	0	0	0	0	0	0	0	0
[ 66906 ms Inform] Recording data from US 2->114
[ 67146 ms Inform] DATA: 0 TX: 	0	0	0	0	0	0	0	0	1028	1028	1028	1028	1028	1028	1028	1028 RX: 	0	0	0	0	0	0	0	0	0	0	0	0	0	0	0	0
[ 67379 ms Inform] Recording data from US 3->4130
[ 67400 ms Inform] DATA: 0 TX: 	0	0	0	0	0	0	0	0	1028	1028	1028	1028	1028	1028	1028	1028 RX: 	0	0	0	0	0	0	0	0	0	0	0	0	0	0	0	0
[ 67609 ms Inform] Recording data from US 4->71
[ 67852 ms Inform] DATA: 0 TX: 	0	0	0	0	0	0	0	0	1028	1028	1028	1028	1028	1028	1028	1028 RX: 	0	0	0	0	0	0	0	0	0	0	0	0	0	0	0	0
[ 67852 ms Inform] Recording data from US 5->142
[ 68082 ms Inform] Recording data from US 0->39
[ 68102 ms Inform] DATA: 0 TX: 	0	0	0	0	0	0	0	0	1028	1028	1028	1028	1028	1028	1028	1028 RX: 	0	0	0	0	0	0	0	0	0	0	0	0	0	0	0	0
[ 68515 ms Inform] Recording data from US 1->4
[ 68550 ms Inform] DATA: 0 TX: 	0	0	0	0	0	0	0	0	1028	1028	1028	1028	1028	1028	1028	1028 RX: 	0	0	0	0	0	0	0	0	0	0	0	0	0	0	0	0
[ 68760 ms Inform] Recording data from US 2->114
[ 69000 ms Inform] DATA: 0 TX: 	0	0	0	0	0	0	0	0	1028	1028	1028	1028	1028	1028	1028	1028 RX: 	0	0	0	0	0	0	0	0	0	0	0	0	0	0	0	0
[ 69231 ms Inform] Recording data from US 3->4112
[ 69253 ms Inform] DATA: 0 TX: 	0	0	0	0	0	0	0	0	1028	1028	1028	1028	1028	1028	1028	1028 RX: 	0	0	0	0	0	0	0	0	0	0	0	0	0	0	0	0
[ 69460 ms Inform] Recording data from US 4->70
[ 69702 ms Inform] Recording data from US 5->142
[ 69703 ms Inform] DATA: 0 TX: 	0	0	0	0	0	0	0	0	1028	1028	1028	1028	1028	1028	1028	1028 RX: 	0	0	0	0	0	0	0	0	0	0	0	0	0	0	0	0
[ 69921 ms Inform] Recording data from US 0->39
[ 70165 ms Inform] DATA: 0 TX: 	0	0	0	0	0	0	0	0	1028	1028	1028	1028	1028	1028	1028	1028 RX: 	0	0	0	0	0	0	0	0	0	0	0	0	0	0	0	0
[ 70361 ms Inform] Recording data from US 1->3
[ 70415 ms Inform] DATA: 0 TX: 	0	0	0	0	0	0	0	0	1028	1028	1028	1028	1028	1028	1028	1028 RX: 	0	0	0	0	0	0	0	0	0	0	0	0	0	0	0	0
[ 70601 ms Inform] Recording data from US 2->115
[ 70842 ms Inform] DATA: 0 TX: 	0	0	0	0	0	0	0	0	1028	1028	1028	1028	1028	1028	1028	1028 RX: 	0	0	0	0	0	0	0	0	0	0	0	0	0	0	0	0
[ 71073 ms Inform] Recording data from US 3->4097
[ 71096 ms Inform] DATA: 0 TX: 	0	0	0	0	0	0	0	0	1028	1028	1028	1028	1028	1028	1028	1028 RX: 	0	0	0	0	0	0	0	0	0	0	0	0	0	0	0	0
[ 71301 ms Inform] Recording data from US 4->70
[ 71540 ms Inform] Recording data from US 5->142
[ 71543 ms Inform] DATA: 0 TX: 	0	0	0	0	0	0	0	0	1028	1028	1028	1028	1028	1028	1028	1028 RX: 	0	0	0	0	0	0	0	0	0	0	0	0	0	0	0	0
[ 71757 ms Inform] Recording data from US 0->39
[ 72002 ms Inform] DATA: 0 TX: 	0	0	0	0	0	0	0	0	1028	1028	1028	1028	1028	1028	1028	1028 RX: 	0	0	0	0	0	0	0	0	0	0	0	0	0	0	0	0
[ 72210 ms Inform] Recording data from US 1->3
[ 72252 ms Inform] DATA: 0 TX: 	0	0	0	0	0	0	0	0	1028	1028	1028	1028	1028	1028	1028	1028 RX: 	0	0	0	0	0	0	0	0	0	0	0	0	0	0	0	0
[ 72455 ms Inform] Recording data from US 2->114
[ 72695 ms Inform] DATA: 0 TX: 	0	0	0	0	0	0	0	0	1028	1028	1028	1028	1028	1028	1028	1028 RX: 	0	0	0	0	0	0	0	0	0	0	0	0	0	0	0	0
[ 72930 ms Inform] Recording data from US 3->4161
[ 72948 ms Inform] DATA: 0 TX: 	0	0	0	0	0	0	0	0	1028	1028	1028	1028	1028	1028	1028	1028 RX: 	0	0	0	0	0	0	0	0	0	0	0	0	0	0	0	0
[ 73160 ms Inform] Recording data from US 4->70
[ 73400 ms Inform] Recording data from US 5->143
[ 73403 ms Inform] DATA: 0 TX: 	0	0	0	0	0	0	0	0	1028	1028	1028	1028	1028	1028	1028	1028 RX: 	0	0	0	0	0	0	0	0	0	0	0	0	0	0	0	0
[ 73619 ms Inform] Recording data from US 0->38
[ 73863 ms Inform] DATA: 0 TX: 	0	0	0	0	0	0	0	0	1028	1028	1028	1028	1028	1028	1028	1028 RX: 	0	0	0	0	0	0	0	0	0	0	0	0	0	0	0	0
[ 74066 ms Inform] Recording data from US 1->3
[ 74113 ms Inform] DATA: 0 TX: 	0	0	0	0	0	0	0	0	1028	1028	1028	1028	1028	1028	1028	1028 RX: 	0	0	0	0	0	0	0	0	0	0	0	0	0	0	0	0
[ 74307 ms Inform] Recording data from US 2->114
[ 74547 ms Inform] DATA: 0 TX: 	0	0	0	0	0	0	0	0	1028	1028	1028	1028	1028	1028	1028	1028 RX: 	0	0	0	0	0	0	0	0	0	0	0	0	0	0	0	0
[ 74781 ms Inform] Recording data from US 3->4167
[ 74800 ms Inform] DATA: 0 TX: 	0	0	0	0	0	0	0	0	1028	1028	1028	1028	1028	1028	1028	1028 RX: 	0	0	0	0	0	0	0	0	0	0	0	0	0	0	0	0
[ 75010 ms Inform] Recording data from US 4->71
[ 75250 ms Inform] Recording data from US 5->143
[ 75253 ms Inform] DATA: 0 TX: 	0	0	0	0	0	0	0	0	1028	1028	1028	1028	1028	1028	1028	1028 RX: 	0	0	0	0	0	0	0	0	0	0	0	0	0	0	0	0
[ 75468 ms Inform] Recording data from US 0->39
[ 75713 ms Inform] DATA: 0 TX: 	0	0	0	0	0	0	0	0	1028	1028	1028	1028	1028	1028	1028	1028 RX: 	0	0	0	0	0	0	0	0	0	0	0	0	0	0	0	0
[ 75910 ms Inform] Recording data from US 1->3
[ 75963 ms Inform] DATA: 0 TX: 	0	0	0	0	0	0	0	0	1028	1028	1028	1028	1028	1028	1028	1028 RX: 	0	0	0	0	0	0	0	0	0	0	0	0	0	0	0	0
[ 76154 ms Inform] Recording data from US 2->116
[ 76389 ms Inform] Recording data from US 3->113
[ 76395 ms Inform] DATA: 0 TX: 	0	0	0	0	0	0	0	0	1028	1028	1028	1028	1028	1028	1028	1028 RX: 	0	0	0	0	0	0	0	0	0	0	0	0	0	0	0	0
[ 76610 ms Inform] Recording data from US 4->71
[ 76853 ms Inform] DATA: 0 TX: 	0	0	0	0	0	0	0	0	1028	1028	1028	1028	1028	1028	1028	1028 RX: 	0	0	0	0	0	0	0	0	0	0	0	0	0	0	0	0
[ 76859 ms Inform] Recording data from US 5->144
[ 77097 ms Inform] Recording data from US 0->39
[ 77105 ms Inform] DATA: 0 TX: 	0	0	0	0	0	0	0	0	1028	1028	1028	1028	1028	1028	1028	1028 RX: 	0	0	0	0	0	0	0	0	0	0	0	0	0	0	0	0
[ 77530 ms Inform] Recording data from US 1->3
[ 77565 ms Inform] DATA: 0 TX: 	0	0	0	0	0	0	0	0	1028	1028	1028	1028	1028	1028	1028	1028 RX: 	0	0	0	0	0	0	0	0	0	0	0	0	0	0	0	0
[ 77774 ms Inform] Recording data from US 2->114
[ 78011 ms Inform] Recording data from US 3->31
[ 78014 ms Inform] DATA: 0 TX: 	0	0	0	0	0	0	0	0	1028	1028	1028	1028	1028	1028	1028	1028 RX: 	0	0	0	0	0	0	0	0	0	0	0	0	0	0	0	0
[ 78250 ms Inform] Recording data from US 4->70
[ 78264 ms Inform] DATA: 0 TX: 	0	0	0	0	0	0	0	0	1028	1028	1028	1028	1028	1028	1028	1028 RX: 	0	0	0	0	0	0	0	0	0	0	0	0	0	0	0	0
[ 78479 ms Inform] Recording data from US 5->146
[ 78709 ms Inform] Recording data from US 0->38
[ 78717 ms Inform] DATA: 0 TX: 	0	0	0	0	0	0	0	0	1028	1028	1028	1028	1028	1028	1028	1028 RX: 	0	0	0	0	0	0	0	0	0	0	0	0	0	0	0	0
[ 79146 ms Inform] Recording data from US 1->3
[ 79181 ms Inform] DATA: 0 TX: 	0	0	0	0	0	0	0	0	1028	1028	1028	1028	1028	1028	1028	1028 RX: 	0	0	0	0	0	0	0	0	0	0	0	0	0	0	0	0
[ 79387 ms Inform] Recording data from US 2->113
[ 79618 ms Inform] Recording data from US 3->26
